d:\onedrive - microsoft\documents\visual studio 2013\projects\chessgame\chessgame\debug\vc120.pdb
d:\onedrive - microsoft\documents\visual studio 2013\projects\chessgame\chessgame\debug\vc120.idb
d:\onedrive - microsoft\documents\codebackup\visual studio 2013\projects\chessgame\chessgame\debug\vc120.pdb
d:\onedrive - microsoft\documents\codebackup\visual studio 2013\projects\chessgame\chessgame\debug\vc120.idb
d:\onedrive - microsoft\documents\codebackup\visual studio 2013\projects\chessgame\chessgame\debug\board.obj
d:\onedrive - microsoft\documents\codebackup\visual studio 2013\projects\chessgame\chessgame\debug\game.obj
d:\onedrive - microsoft\documents\codebackup\visual studio 2013\projects\chessgame\chessgame\debug\graphics.obj
d:\onedrive - microsoft\documents\codebackup\visual studio 2013\projects\chessgame\chessgame\debug\main.obj
d:\onedrive - microsoft\documents\codebackup\visual studio 2013\projects\chessgame\chessgame\debug\piece.obj
d:\onedrive - microsoft\documents\codebackup\visual studio 2013\projects\chessgame\chessgame\debug\player.obj
d:\onedrive - microsoft\documents\visual studio 2013\projects\chessgame\debug\chessgame.ilk
d:\onedrive - microsoft\documents\visual studio 2013\projects\chessgame\debug\chessgame.exe
d:\onedrive - microsoft\documents\visual studio 2013\projects\chessgame\debug\chessgame.pdb
d:\onedrive - microsoft\documents\codebackup\visual studio 2013\projects\chessgame\debug\chessgame.ilk
d:\onedrive - microsoft\documents\codebackup\visual studio 2013\projects\chessgame\debug\chessgame.exe
d:\onedrive - microsoft\documents\codebackup\visual studio 2013\projects\chessgame\debug\chessgame.pdb
c:\users\a2kram\onedrive\documents\work\microsoft\microsoft band\codebackup\visual studio 2013\projects\chessgame\chessgame\debug\board.obj
c:\users\a2kram\onedrive\documents\work\microsoft\microsoft band\codebackup\visual studio 2013\projects\chessgame\chessgame\debug\game.obj
c:\users\a2kram\onedrive\documents\work\microsoft\microsoft band\codebackup\visual studio 2013\projects\chessgame\chessgame\debug\graphics.obj
c:\users\a2kram\onedrive\documents\work\microsoft\microsoft band\codebackup\visual studio 2013\projects\chessgame\chessgame\debug\main.obj
c:\users\a2kram\onedrive\documents\work\microsoft\microsoft band\codebackup\visual studio 2013\projects\chessgame\chessgame\debug\piece.obj
c:\users\a2kram\onedrive\documents\work\microsoft\microsoft band\codebackup\visual studio 2013\projects\chessgame\chessgame\debug\player.obj
c:\users\a2kram\onedrive\documents\work\microsoft\microsoft band\codebackup\visual studio 2013\projects\chessgame\chessgame\debug\vc120.idb
c:\users\a2kram\onedrive\documents\work\microsoft\microsoft band\codebackup\visual studio 2013\projects\chessgame\chessgame\debug\vc120.pdb
c:\users\a2kram\onedrive\documents\work\microsoft\microsoft band\codebackup\visual studio 2013\projects\chessgame\debug\chessgame.pdb
c:\users\a2kram\onedrive\documents\work\microsoft\microsoft band\codebackup\visual studio 2013\projects\chessgame\debug\chessgame.exe
c:\users\a2kram\onedrive\documents\work\microsoft\microsoft band\codebackup\visual studio 2013\projects\chessgame\debug\chessgame.ilk
c:\users\a2kram\onedrive\documents\work\microsoft\microsoft band\codebackup\visual studio 2013\projects\chessgame\chessgame\debug\chessgame.tlog\cl.command.1.tlog
c:\users\a2kram\onedrive\documents\work\microsoft\microsoft band\codebackup\visual studio 2013\projects\chessgame\chessgame\debug\chessgame.tlog\cl.read.1.tlog
c:\users\a2kram\onedrive\documents\work\microsoft\microsoft band\codebackup\visual studio 2013\projects\chessgame\chessgame\debug\chessgame.tlog\cl.write.1.tlog
c:\users\a2kram\onedrive\documents\work\microsoft\microsoft band\codebackup\visual studio 2013\projects\chessgame\chessgame\debug\chessgame.tlog\link.command.1.tlog
c:\users\a2kram\onedrive\documents\work\microsoft\microsoft band\codebackup\visual studio 2013\projects\chessgame\chessgame\debug\chessgame.tlog\link.read.1.tlog
c:\users\a2kram\onedrive\documents\work\microsoft\microsoft band\codebackup\visual studio 2013\projects\chessgame\chessgame\debug\chessgame.tlog\link.write.1.tlog
